<?xml version="1.0" encoding="UTF-8"?>
<testsuite xmlns:xsi="http://www.w3.org/2001/XMLSchema-instance" xsi:noNamespaceSchemaLocation="https://maven.apache.org/surefire/maven-surefire-plugin/xsd/surefire-test-report-3.0.xsd" version="3.0" name="com.ramonserranoportfolio.RS.RsApplicationTests" time="169.791" tests="1" errors="0" skipped="0" failures="0">
  <properties>
[...]
</properties>
  <testcase name="contextLoads" classname="com.ramonserranoportfolio.RS.RsApplicationTests" time="2.686">
    <system-out><![CDATA[19:52:56.660 [main] DEBUG org.springframework.test.context.BootstrapUtils - Instantiating CacheAwareContextLoaderDelegate from class [org.springframework.test.context.cache.DefaultCacheAwareContextLoaderDelegate]
19:52:56.817 [main] DEBUG org.springframework.test.context.BootstrapUtils - Instantiating BootstrapContext using constructor [public org.springframework.test.context.support.DefaultBootstrapContext(java.lang.Class,org.springframework.test.context.CacheAwareContextLoaderDelegate)]
19:52:57.178 [main] DEBUG org.springframework.test.context.BootstrapUtils - Instantiating TestContextBootstrapper for test class [com.ramonserranoportfolio.RS.RsApplicationTests] from class [org.springframework.boot.test.context.SpringBootTestContextBootstrapper]
19:52:57.288 [main] INFO org.springframework.boot.test.context.SpringBootTestContextBootstrapper - Neither @ContextConfiguration nor @ContextHierarchy found for test class [com.ramonserranoportfolio.RS.RsApplicationTests], using SpringBootContextLoader
19:52:57.335 [main] DEBUG org.springframework.test.context.support.AbstractContextLoader - Did not detect default resource location for test class [com.ramonserranoportfolio.RS.RsApplicationTests]: class path resource [com/ramonserranoportfolio/RS/RsApplicationTests-context.xml] does not exist
19:52:57.335 [main] DEBUG org.springframework.test.context.support.AbstractContextLoader - Did not detect default resource location for test class [com.ramonserranoportfolio.RS.RsApplicationTests]: class path resource [com/ramonserranoportfolio/RS/RsApplicationTestsContext.groovy] does not exist
19:52:57.335 [main] INFO org.springframework.test.context.support.AbstractContextLoader - Could not detect default resource locations for test class [com.ramonserranoportfolio.RS.RsApplicationTests]: no resource found for suffixes {-context.xml, Context.groovy}.
19:52:57.347 [main] INFO org.springframework.test.context.support.AnnotationConfigContextLoaderUtils - Could not detect default configuration classes for test class [com.ramonserranoportfolio.RS.RsApplicationTests]: RsApplicationTests does not declare any static, non-private, non-final, nested classes annotated with @Configuration.
19:52:57.749 [main] DEBUG org.springframework.test.context.support.ActiveProfilesUtils - Could not find an 'annotation declaring class' for annotation type [org.springframework.test.context.ActiveProfiles] and class [com.ramonserranoportfolio.RS.RsApplicationTests]
19:52:58.717 [main] DEBUG org.springframework.context.annotation.ClassPathScanningCandidateComponentProvider - Identified candidate component class: file [C:\Users\ramon\OneDrive\Escritorio\PREBA CORRIDA MGB\BackEnd\target\classes\com\ramonserranoportfolio\RS\RsApplication.class]
19:52:58.733 [main] INFO org.springframework.boot.test.context.SpringBootTestContextBootstrapper - Found @SpringBootConfiguration com.ramonserranoportfolio.RS.RsApplication for test class com.ramonserranoportfolio.RS.RsApplicationTests
19:52:59.895 [main] DEBUG org.springframework.boot.test.context.SpringBootTestContextBootstrapper - @TestExecutionListeners is not present for class [com.ramonserranoportfolio.RS.RsApplicationTests]: using defaults.
19:52:59.911 [main] INFO org.springframework.boot.test.context.SpringBootTestContextBootstrapper - Loaded default TestExecutionListener class names from location [META-INF/spring.factories]: [org.springframework.boot.test.mock.mockito.MockitoTestExecutionListener, org.springframework.boot.test.mock.mockito.ResetMocksTestExecutionListener, org.springframework.boot.test.autoconfigure.restdocs.RestDocsTestExecutionListener, org.springframework.boot.test.autoconfigure.web.client.MockRestServiceServerResetTestExecutionListener, org.springframework.boot.test.autoconfigure.web.servlet.MockMvcPrintOnlyOnFailureTestExecutionListener, org.springframework.boot.test.autoconfigure.web.servlet.WebDriverTestExecutionListener, org.springframework.boot.test.autoconfigure.webservices.client.MockWebServiceServerTestExecutionListener, org.springframework.test.context.web.ServletTestExecutionListener, org.springframework.test.context.support.DirtiesContextBeforeModesTestExecutionListener, org.springframework.test.context.event.ApplicationEventsTestExecutionListener, org.springframework.test.context.support.DependencyInjectionTestExecutionListener, org.springframework.test.context.support.DirtiesContextTestExecutionListener, org.springframework.test.context.transaction.TransactionalTestExecutionListener, org.springframework.test.context.jdbc.SqlScriptsTestExecutionListener, org.springframework.test.context.event.EventPublishingTestExecutionListener]
19:53:00.209 [main] INFO org.springframework.boot.test.context.SpringBootTestContextBootstrapper - Using TestExecutionListeners: [org.springframework.test.context.web.ServletTestExecutionListener@28cda624, org.springframework.test.context.support.DirtiesContextBeforeModesTestExecutionListener@1500b2f3, org.springframework.test.context.event.ApplicationEventsTestExecutionListener@7eecb5b8, org.springframework.boot.test.mock.mockito.MockitoTestExecutionListener@126253fd, org.springframework.boot.test.autoconfigure.SpringBootDependencyInjectionTestExecutionListener@57db2b13, org.springframework.test.context.support.DirtiesContextTestExecutionListener@475c9c31, org.springframework.test.context.transaction.TransactionalTestExecutionListener@5c86a017, org.springframework.test.context.jdbc.SqlScriptsTestExecutionListener@5c7bfdc1, org.springframework.test.context.event.EventPublishingTestExecutionListener@5276d6ee, org.springframework.boot.test.mock.mockito.ResetMocksTestExecutionListener@71687585, org.springframework.boot.test.autoconfigure.restdocs.RestDocsTestExecutionListener@1807f5a7, org.springframework.boot.test.autoconfigure.web.client.MockRestServiceServerResetTestExecutionListener@1b919693, org.springframework.boot.test.autoconfigure.web.servlet.MockMvcPrintOnlyOnFailureTestExecutionListener@7fb4f2a9, org.springframework.boot.test.autoconfigure.web.servlet.WebDriverTestExecutionListener@4dc27487, org.springframework.boot.test.autoconfigure.webservices.client.MockWebServiceServerTestExecutionListener@6a4f1a55]
19:53:00.256 [main] DEBUG org.springframework.test.context.support.AbstractDirtiesContextTestExecutionListener - Before test class: context [DefaultTestContext@51891008 testClass = RsApplicationTests, testInstance = [null], testMethod = [null], testException = [null], mergedContextConfiguration = [WebMergedContextConfiguration@2f953efd testClass = RsApplicationTests, locations = '{}', classes = '{class com.ramonserranoportfolio.RS.RsApplication}', contextInitializerClasses = '[]', activeProfiles = '{}', propertySourceLocations = '{}', propertySourceProperties = '{org.springframework.boot.test.context.SpringBootTestContextBootstrapper=true}', contextCustomizers = set[org.springframework.boot.test.context.filter.ExcludeFilterContextCustomizer@75d4a5c2, org.springframework.boot.test.json.DuplicateJsonObjectContextCustomizerFactory$DuplicateJsonObjectContextCustomizer@6c6cb480, org.springframework.boot.test.mock.mockito.MockitoContextCustomizer@0, org.springframework.boot.test.web.client.TestRestTemplateContextCustomizer@dd05255, org.springframework.boot.test.autoconfigure.actuate.metrics.MetricsExportContextCustomizerFactory$DisableMetricExportContextCustomizer@6989da5e, org.springframework.boot.test.autoconfigure.properties.PropertyMappingContextCustomizer@0, org.springframework.boot.test.autoconfigure.web.servlet.WebDriverContextCustomizerFactory$Customizer@15de0b3c, org.springframework.boot.test.context.SpringBootTestArgs@1, org.springframework.boot.test.context.SpringBootTestWebEnvironment@6536e911], resourceBasePath = 'src/main/webapp', contextLoader = 'org.springframework.boot.test.context.SpringBootContextLoader', parent = [null]], attributes = map['org.springframework.test.context.web.ServletTestExecutionListener.activateListener' -> true]], class annotated with @DirtiesContext [false] with mode [null].

  .   ____          _            __ _ _
 /\\ / ___'_ __ _ _(_)_ __  __ _ \ \ \ \
( ( )\___ | '_ | '_| | '_ \/ _` | \ \ \ \
 \\/  ___)| |_)| | | | | || (_| |  ) ) ) )
  '  |____| .__|_| |_|_| |_\__, | / / / /
 =========|_|==============|___/=/_/_/_/
 :: Spring Boot ::                (v2.6.7)

2023-03-09 19:53:09.080  INFO 5912 --- [           main] c.r.RS.RsApplicationTests                : Starting RsApplicationTests using Java 1.8.0_342-342 on DESKTOP-EKSQ0KS with PID 5912 (started by ramon in C:\Users\ramon\OneDrive\Escritorio\PREBA CORRIDA MGB\BackEnd)
2023-03-09 19:53:09.092  INFO 5912 --- [           main] c.r.RS.RsApplicationTests                : No active profile set, falling back to 1 default profile: "default"
2023-03-09 19:53:34.589  INFO 5912 --- [           main] .s.d.r.c.RepositoryConfigurationDelegate : Bootstrapping Spring Data JPA repositories in DEFAULT mode.
2023-03-09 19:53:37.837  INFO 5912 --- [           main] .s.d.r.c.RepositoryConfigurationDelegate : Finished Spring Data repository scanning in 3024 ms. Found 6 JPA repository interfaces.
2023-03-09 19:54:04.527  INFO 5912 --- [           main] o.hibernate.jpa.internal.util.LogHelper  : HHH000204: Processing PersistenceUnitInfo [name: default]
2023-03-09 19:54:05.872  INFO 5912 --- [           main] org.hibernate.Version                    : HHH000412: Hibernate ORM core version 5.6.8.Final
2023-03-09 19:54:08.914  INFO 5912 --- [           main] o.hibernate.annotations.common.Version   : HCANN000001: Hibernate Commons Annotations {5.1.2.Final}
2023-03-09 19:54:16.586  INFO 5912 --- [           main] com.zaxxer.hikari.HikariDataSource       : HikariPool-1 - Starting...
2023-03-09 19:54:28.892  INFO 5912 --- [           main] com.zaxxer.hikari.HikariDataSource       : HikariPool-1 - Start completed.
2023-03-09 19:54:29.983  INFO 5912 --- [           main] org.hibernate.dialect.Dialect            : HHH000400: Using dialect: org.hibernate.dialect.MySQL8Dialect
2023-03-09 19:55:00.256  INFO 5912 --- [           main] o.h.e.t.j.p.i.JtaPlatformInitiator       : HHH000490: Using JtaPlatform implementation: [org.hibernate.engine.transaction.jta.platform.internal.NoJtaPlatform]
2023-03-09 19:55:00.491  INFO 5912 --- [           main] j.LocalContainerEntityManagerFactoryBean : Initialized JPA EntityManagerFactory for persistence unit 'default'
2023-03-09 19:55:16.804  WARN 5912 --- [           main] JpaBaseConfiguration$JpaWebConfiguration : spring.jpa.open-in-view is enabled by default. Therefore, database queries may be performed during view rendering. Explicitly configure spring.jpa.open-in-view to disable this warning
2023-03-09 19:55:34.780  INFO 5912 --- [           main] o.s.s.web.DefaultSecurityFilterChain     : Will secure any request with [org.springframework.security.web.context.request.async.WebAsyncManagerIntegrationFilter@4b8a0d03, org.springframework.security.web.context.SecurityContextPersistenceFilter@6ea3a513, org.springframework.security.web.header.HeaderWriterFilter@b808af5, org.springframework.web.filter.CorsFilter@54f373d4, org.springframework.security.web.authentication.logout.LogoutFilter@6cd7f381, com.ramonserranoportfolio.RS.Security.jwt.JwtTokenFilter@7aa15a80, org.springframework.security.web.savedrequest.RequestCacheAwareFilter@4b336cc8, org.springframework.security.web.servletapi.SecurityContextHolderAwareRequestFilter@25464154, org.springframework.security.web.authentication.AnonymousAuthenticationFilter@1c53bd49, org.springframework.security.web.session.SessionManagementFilter@6231f77a, org.springframework.security.web.access.ExceptionTranslationFilter@5b490d5e, org.springframework.security.web.access.intercept.FilterSecurityInterceptor@8ee03f5]
2023-03-09 19:55:42.572  INFO 5912 --- [           main] c.r.RS.RsApplicationTests                : Started RsApplicationTests in 161.081 seconds (JVM running for 172.905)
]]></system-out>
  </testcase>
</testsuite>